<?xml version="1.0" encoding="UTF-8"?>
<!-- Generated by org.testng.reporters.JUnitXMLReporter -->
<testsuite ignored="0" hostname="GMC16381" failures="3" tests="12" name="IndependetTest" time="544.084" errors="0" timestamp="2022-09-29T13:07:46 CDT">
  <testcase classname="Digi.RegisterNewOperator" name="mainRegisterNewOperator" time="49.025"/>
  <testcase classname="Digi.ManageOperators" name="mainManageOperators" time="35.141"/>
  <testcase classname="Digi.RegisterTrainer" name="mainRegisterTrainer" time="36.037">
    <failure type="java.lang.AssertionError" message="expected [1] but found [false]">
      <![CDATA[java.lang.AssertionError: expected [1] but found [false]
at Digi.RegisterTrainer.mainRegisterTrainer(RegisterTrainer.java:82)
at java.base/java.util.ArrayList.forEach(ArrayList.java:1511)
... Removed 33 stack frames]]>
    </failure>
  </testcase> <!-- mainRegisterTrainer -->
  <testcase classname="Digi.DefineSkillsAndCurriculum" name="mainDefineSkillsAndCurriculum" time="46.482"/>
  <testcase classname="Digi.OperatorTypes" name="mainOperatorTypes" time="41.149"/>
  <testcase classname="Digi.SkillOperatorType" name="mainSkillOperatorType" time="18.128">
    <failure type="org.openqa.selenium.ElementClickInterceptedException" message="element click intercepted: Element &amp;lt;label class=&amp;quot;menu-open-button&amp;quot; for=&amp;quot;menu-open&amp;quot;&amp;gt;...&amp;lt;/label&amp;gt; is not clickable at point (1486, 115). Other element would receive the click: &amp;lt;div id=&amp;quot;spinningWaitOverlay&amp;quot; class=&amp;quot;spinningWaitOverlay&amp;quot; style=&amp;quot;opacity: 1; background-color: transparent;&amp;quot;&amp;gt;&amp;lt;/div&amp;gt;
  (Session info: chrome=105.0.5195.127)
Build info: version: &amp;apos;4.0.0&amp;apos;, revision: &amp;apos;3a21814679&amp;apos;
System info: host: &amp;apos;GMC16381&amp;apos;, ip: &amp;apos;10.168.230.244&amp;apos;, os.name: &amp;apos;Windows 10&amp;apos;, os.arch: &amp;apos;amd64&amp;apos;, os.version: &amp;apos;10.0&amp;apos;, java.version: &amp;apos;16.0.1&amp;apos;
Driver info: org.openqa.selenium.chrome.ChromeDriver
Command: [239450505ca4c405a5e1bf92b7c74b9c, clickElement {id=c9c25028-09ba-4f22-8e3e-72d2fb10f7b4}]
Capabilities {acceptInsecureCerts: false, browserName: chrome, browserVersion: 105.0.5195.127, chrome: {chromedriverVersion: 105.0.5195.52 (412c95e51883..., userDataDir: C:\Users\cuiyx\AppData\Loca...}, goog:chromeOptions: {debuggerAddress: localhost:56756}, javascriptEnabled: true, networkConnectionEnabled: false, pageLoadStrategy: normal, platform: WINDOWS, platformName: WINDOWS, proxy: Proxy(), se:cdp: ws://localhost:56756/devtoo..., se:cdpVersion: 105.0.5195.127, setWindowRect: true, strictFileInteractability: false, timeouts: {implicit: 0, pageLoad: 300000, script: 30000}, unhandledPromptBehavior: dismiss and notify, webauthn:extension:credBlob: true, webauthn:extension:largeBlob: true, webauthn:virtualAuthenticators: true}
Element: [[ChromeDriver: chrome on WINDOWS (239450505ca4c405a5e1bf92b7c74b9c)] -&amp;gt; class: menu-open-button]
Session ID: 239450505ca4c405a5e1bf92b7c74b9c">
      <![CDATA[org.openqa.selenium.ElementClickInterceptedException: element click intercepted: Element <label class="menu-open-button" for="menu-open">...</label> is not clickable at point (1486, 115). Other element would receive the click: <div id="spinningWaitOverlay" class="spinningWaitOverlay" style="opacity: 1; background-color: transparent;"></div>
  (Session info: chrome=105.0.5195.127)
Build info: version: '4.0.0', revision: '3a21814679'
System info: host: 'GMC16381', ip: '10.168.230.244', os.name: 'Windows 10', os.arch: 'amd64', os.version: '10.0', java.version: '16.0.1'
Driver info: org.openqa.selenium.chrome.ChromeDriver
Command: [239450505ca4c405a5e1bf92b7c74b9c, clickElement {id=c9c25028-09ba-4f22-8e3e-72d2fb10f7b4}]
Capabilities {acceptInsecureCerts: false, browserName: chrome, browserVersion: 105.0.5195.127, chrome: {chromedriverVersion: 105.0.5195.52 (412c95e51883..., userDataDir: C:\Users\cuiyx\AppData\Loca...}, goog:chromeOptions: {debuggerAddress: localhost:56756}, javascriptEnabled: true, networkConnectionEnabled: false, pageLoadStrategy: normal, platform: WINDOWS, platformName: WINDOWS, proxy: Proxy(), se:cdp: ws://localhost:56756/devtoo..., se:cdpVersion: 105.0.5195.127, setWindowRect: true, strictFileInteractability: false, timeouts: {implicit: 0, pageLoad: 300000, script: 30000}, unhandledPromptBehavior: dismiss and notify, webauthn:extension:credBlob: true, webauthn:extension:largeBlob: true, webauthn:virtualAuthenticators: true}
Element: [[ChromeDriver: chrome on WINDOWS (239450505ca4c405a5e1bf92b7c74b9c)] -> class: menu-open-button]
Session ID: 239450505ca4c405a5e1bf92b7c74b9c
at org.openqa.selenium.remote.codec.w3c.W3CHttpResponseCodec.createException(W3CHttpResponseCodec.java:200)
at org.openqa.selenium.remote.codec.w3c.W3CHttpResponseCodec.decode(W3CHttpResponseCodec.java:133)
at org.openqa.selenium.remote.codec.w3c.W3CHttpResponseCodec.decode(W3CHttpResponseCodec.java:53)
at org.openqa.selenium.remote.HttpCommandExecutor.execute(HttpCommandExecutor.java:184)
at org.openqa.selenium.remote.service.DriverCommandExecutor.invokeExecute(DriverCommandExecutor.java:164)
at org.openqa.selenium.remote.service.DriverCommandExecutor.execute(DriverCommandExecutor.java:139)
at org.openqa.selenium.remote.RemoteWebDriver.execute(RemoteWebDriver.java:559)
at org.openqa.selenium.remote.RemoteWebElement.execute(RemoteWebElement.java:251)
at org.openqa.selenium.remote.RemoteWebElement.click(RemoteWebElement.java:77)
at Digi.SkillOperatorType.mainSkillOperatorType(SkillOperatorType.java:34)
at java.base/java.util.ArrayList.forEach(ArrayList.java:1511)
... Removed 32 stack frames]]>
    </failure>
  </testcase> <!-- mainSkillOperatorType -->
  <testcase classname="Digi.ScoreMetrics" name="mainScoreMetrics" time="51.679"/>
  <testcase classname="Digi.OrganizationManagement" name="mainOrganizationManagement" time="79.668"/>
  <testcase classname="Digi.SetFinanceGroup" name="mainSetFinanceGroup" time="65.596"/>
  <testcase classname="Digi.ManagementDetailedReport" name="mainManagementDetailedReport" time="24.629"/>
  <testcase classname="Digi.ManagementNonDetailedReports" name="mainManagementNonDetailedReports" time="34.901">
    <failure type="java.lang.AssertionError" message="expected [2022-09-29 17:05:44.49] but found [2022-09-29 17:05:44.490]">
      <![CDATA[java.lang.AssertionError: expected [2022-09-29 17:05:44.49] but found [2022-09-29 17:05:44.490]
at Digi.ManagementNonDetailedReports.mainManagementNonDetailedReports(ManagementNonDetailedReports.java:137)
at java.base/java.util.ArrayList.forEach(ArrayList.java:1511)
... Removed 33 stack frames]]>
    </failure>
  </testcase> <!-- mainManagementNonDetailedReports -->
  <testcase classname="Digi.OperatorStationHistoryDetailedReport" name="mainOperatorStationHistoryDetailedReport" time="61.546"/>
</testsuite> <!-- IndependetTest -->
